<?xml version="1.0" encoding="utf-8"?><testsuites name="pytest tests"><testsuite name="pytest" errors="0" failures="0" skipped="0" tests="12" time="0.261" timestamp="2026-07-27T01:26:32.564889-04:00" hostname="spmkit-validation"><testcase classname="campaigns.gwyddion-cross-validation-v0.1.artifacts.execution-primary.software-test.workspace.tests.core.test_roughness" name="test_sq_matches_known_sigma" time="0.009" /><testcase classname="campaigns.gwyddion-cross-validation-v0.1.artifacts.execution-primary.software-test.workspace.tests.core.test_roughness" name="test_flat_surface_zero_roughness" time="0.000" /><testcase classname="campaigns.gwyddion-cross-validation-v0.1.artifacts.execution-primary.software-test.workspace.tests.core.test_roughness" name="test_sz_is_peak_to_valley" time="0.000" /><testcase classname="campaigns.gwyddion-cross-validation-v0.1.artifacts.execution-primary.software-test.workspace.tests.core.test_roughness" name="test_roughness_result_to_dict" time="0.002" /><testcase classname="campaigns.gwyddion-cross-validation-v0.1.artifacts.execution-primary.software-test.workspace.tests.core.test_roughness" name="test_gaussian_moments" time="0.008" /><testcase classname="campaigns.gwyddion-cross-validation-v0.1.artifacts.execution-primary.software-test.workspace.tests.core.test_export" name="test_roughness_to_json" time="0.003" /><testcase classname="campaigns.gwyddion-cross-validation-v0.1.artifacts.execution-primary.software-test.workspace.tests.core.test_export" name="test_roughness_to_csv" time="0.003" /><testcase classname="campaigns.gwyddion-cross-validation-v0.1.artifacts.execution-primary.software-test.workspace.tests.core.test_export" name="test_profile_to_csv" time="0.001" /><testcase classname="campaigns.gwyddion-cross-validation-v0.1.artifacts.execution-primary.software-test.workspace.tests.core.test_export" name="test_json_handles_ndarray" time="0.000" /><testcase classname="campaigns.gwyddion-cross-validation-v0.1.artifacts.execution-primary.software-test.workspace.tests.core.test_npz" name="test_load_npz" time="0.002" /><testcase classname="campaigns.gwyddion-cross-validation-v0.1.artifacts.execution-primary.software-test.workspace.tests.core.test_manifest" name="test_numpy_serialization" time="0.001" /><testcase classname="campaigns.gwyddion-cross-validation-v0.1.artifacts.execution-primary.software-test.workspace.tests.core.test_manifest" name="test_invalid_input_error" time="0.107" /></testsuite></testsuites>